<?xml version="1.0" encoding="utf-8"?><testsuites><testsuite name="pytest" errors="0" failures="0" skipped="0" tests="5" time="32.533" timestamp="2024-10-22T08:08:02.430749+05:30" hostname="DVCGNH6104832"><testcase classname="test_FormPage.TestFormPage" name="test_logsMethod" time="6.242" /><testcase classname="test_FormPage.TestFormPage" name="test_formPage[dataInputFix0]" time="3.989" /><testcase classname="test_FormPage.TestFormPage" name="test_formPage[dataInputFix1]" time="5.149" /><testcase classname="test_Shope2e.TestOne" name="test_logsMethod" time="5.047" /><testcase classname="test_Shope2e.TestOne" name="test_shopPhone" time="12.010" /></testsuite></testsuites>